<?xml version="1.0" encoding="UTF-8"?>
<!-- Generated by org.testng.reporters.JUnitXMLReporter -->
<testsuite hostname="DESKTOP-1OVQHJC" ignored="0" name="PizzaApp test" tests="1" failures="0" timestamp="10 Jun 2021 02:01:45 GMT" time="12.819" errors="0">
  <testcase name="@BeforeClass setup" time="12.696" classname="com.Pizzahut.testCases.BaseClass">
    <failure type="org.openqa.selenium.SessionNotCreatedException" message="session not created: This version of ChromeDriver only supports Chrome version 89
Current browser version is 91.0.4472.77 with binary path C:\Program Files\Google\Chrome\Application\chrome.exe
Build info: version: &amp;apos;3.141.59&amp;apos;, revision: &amp;apos;e82be7d358&amp;apos;, time: &amp;apos;2018-11-14T08:17:03&amp;apos;
System info: host: &amp;apos;DESKTOP-1OVQHJC&amp;apos;, ip: &amp;apos;192.168.1.4&amp;apos;, os.name: &amp;apos;Windows 10&amp;apos;, os.arch: &amp;apos;amd64&amp;apos;, os.version: &amp;apos;10.0&amp;apos;, java.version: &amp;apos;1.8.0_281&amp;apos;
Driver info: driver.version: ChromeDriver
remote stacktrace: Backtrace:
	Ordinal0 [0x0003E7D3+124883]
	Ordinal0 [0x0003E7B1+124849]
	GetHandleVerifier [0x00288688+193832]
	GetHandleVerifier [0x002A3AC5+305509]
	GetHandleVerifier [0x002A021B+291003]
	GetHandleVerifier [0x0029E0AC+282444]
	GetHandleVerifier [0x002C4A90+440624]
	GetHandleVerifier [0x002C47FC+439964]
	GetHandleVerifier [0x002C154B+426987]
	GetHandleVerifier [0x002A4FFD+310941]
	GetHandleVerifier [0x002A5D8E+314414]
	GetHandleVerifier [0x002A5D19+314297]
	GetHandleVerifier [0x003631EC+1089676]
	GetHandleVerifier [0x003617C9+1082985]
	GetHandleVerifier [0x003613A3+1081923]
	GetHandleVerifier [0x0045D9FD+2115741]
	Ordinal0 [0x0018B82E+1488942]
	Ordinal0 [0x00125A7D+1071741]
	Ordinal0 [0x0012559B+1070491]
	Ordinal0 [0x001254B1+1070257]
	Ordinal0 [0x0015FF53+1310547]
	BaseThreadInitThunk [0x7546FA29+25]
	RtlGetAppContainerNamedObjectPath [0x76EC7A7E+286]
	RtlGetAppContainerNamedObjectPath [0x76EC7A4E+238]
	(No symbol) [0x00000000]
">
      <![CDATA[org.openqa.selenium.SessionNotCreatedException: session not created: This version of ChromeDriver only supports Chrome version 89
Current browser version is 91.0.4472.77 with binary path C:\Program Files\Google\Chrome\Application\chrome.exe
Build info: version: '3.141.59', revision: 'e82be7d358', time: '2018-11-14T08:17:03'
System info: host: 'DESKTOP-1OVQHJC', ip: '192.168.1.4', os.name: 'Windows 10', os.arch: 'amd64', os.version: '10.0', java.version: '1.8.0_281'
Driver info: driver.version: ChromeDriver
remote stacktrace: Backtrace:
Ordinal0 [0x0003E7D3+124883]
Ordinal0 [0x0003E7B1+124849]
GetHandleVerifier [0x00288688+193832]
GetHandleVerifier [0x002A3AC5+305509]
GetHandleVerifier [0x002A021B+291003]
GetHandleVerifier [0x0029E0AC+282444]
GetHandleVerifier [0x002C4A90+440624]
GetHandleVerifier [0x002C47FC+439964]
GetHandleVerifier [0x002C154B+426987]
GetHandleVerifier [0x002A4FFD+310941]
GetHandleVerifier [0x002A5D8E+314414]
GetHandleVerifier [0x002A5D19+314297]
GetHandleVerifier [0x003631EC+1089676]
GetHandleVerifier [0x003617C9+1082985]
GetHandleVerifier [0x003613A3+1081923]
GetHandleVerifier [0x0045D9FD+2115741]
Ordinal0 [0x0018B82E+1488942]
Ordinal0 [0x00125A7D+1071741]
Ordinal0 [0x0012559B+1070491]
Ordinal0 [0x001254B1+1070257]
Ordinal0 [0x0015FF53+1310547]
BaseThreadInitThunk [0x7546FA29+25]
RtlGetAppContainerNamedObjectPath [0x76EC7A7E+286]
RtlGetAppContainerNamedObjectPath [0x76EC7A4E+238]
(No symbol) [0x00000000]

at org.openqa.selenium.remote.W3CHandshakeResponse.lambda$errorHandler$0(W3CHandshakeResponse.java:62)
at org.openqa.selenium.remote.HandshakeResponse.lambda$getResponseFunction$0(HandshakeResponse.java:30)
at org.openqa.selenium.remote.ProtocolHandshake.lambda$createSession$0(ProtocolHandshake.java:126)
at java.util.stream.ReferencePipeline$3$1.accept(ReferencePipeline.java:193)
at java.util.Spliterators$ArraySpliterator.tryAdvance(Spliterators.java:958)
at java.util.stream.ReferencePipeline.forEachWithCancel(ReferencePipeline.java:126)
at java.util.stream.AbstractPipeline.copyIntoWithCancel(AbstractPipeline.java:499)
at java.util.stream.AbstractPipeline.copyInto(AbstractPipeline.java:486)
at java.util.stream.AbstractPipeline.wrapAndCopyInto(AbstractPipeline.java:472)
at java.util.stream.FindOps$FindOp.evaluateSequential(FindOps.java:152)
at java.util.stream.AbstractPipeline.evaluate(AbstractPipeline.java:234)
at java.util.stream.ReferencePipeline.findFirst(ReferencePipeline.java:464)
at org.openqa.selenium.remote.ProtocolHandshake.createSession(ProtocolHandshake.java:128)
at org.openqa.selenium.remote.ProtocolHandshake.createSession(ProtocolHandshake.java:74)
at org.openqa.selenium.remote.HttpCommandExecutor.execute(HttpCommandExecutor.java:136)
at org.openqa.selenium.remote.service.DriverCommandExecutor.execute(DriverCommandExecutor.java:83)
at org.openqa.selenium.remote.RemoteWebDriver.execute(RemoteWebDriver.java:552)
at org.openqa.selenium.remote.RemoteWebDriver.startSession(RemoteWebDriver.java:213)
at org.openqa.selenium.remote.RemoteWebDriver.<init>(RemoteWebDriver.java:131)
at org.openqa.selenium.chrome.ChromeDriver.<init>(ChromeDriver.java:181)
at org.openqa.selenium.chrome.ChromeDriver.<init>(ChromeDriver.java:168)
at org.openqa.selenium.chrome.ChromeDriver.<init>(ChromeDriver.java:123)
at com.Pizzahut.testCases.BaseClass.setup(BaseClass.java:63)
... Removed 30 stack frames]]>
    </failure>
  </testcase> <!-- @BeforeClass setup -->
  <testcase name="@AfterClass terminate" time="0.0" classname="com.Pizzahut.testCases.BaseClass">
    <skipped/>
  </testcase> <!-- @AfterClass terminate -->
  <testcase name="loginTest" time="0.0" classname="com.Pizzahut.testCases.TC_LoginTest_001">
    <skipped/>
  </testcase> <!-- loginTest -->
</testsuite> <!-- PizzaApp test -->
