<?xml version="1.0" encoding="UTF-8"?>
<testng-results skipped="1" failed="0" ignored="0" total="1" passed="0">
  <reporter-output>
  </reporter-output>
  <suite name="PizzaHut_web" duration-ms="12819" started-at="2021-06-10T02:01:32Z" finished-at="2021-06-10T02:01:45Z">
    <groups>
    </groups>
    <test name="PizzaApp test" duration-ms="12819" started-at="2021-06-10T02:01:32Z" finished-at="2021-06-10T02:01:45Z">
      <class name="com.Pizzahut.testCases.TC_LoginTest_001">
        <test-method status="FAIL" signature="setup(java.lang.String)[pri:0, instance:com.Pizzahut.testCases.TC_LoginTest_001@77cd7a0]" name="setup" is-config="true" duration-ms="12696" started-at="2021-06-10T02:01:32Z" finished-at="2021-06-10T02:01:45Z">
          <params>
            <param index="0">
              <value>
                <![CDATA[chrome]]>
              </value>
            </param>
          </params>
          <exception class="org.openqa.selenium.SessionNotCreatedException">
            <message>
              <![CDATA[session not created: This version of ChromeDriver only supports Chrome version 89
Current browser version is 91.0.4472.77 with binary path C:\Program Files\Google\Chrome\Application\chrome.exe
Build info: version: '3.141.59', revision: 'e82be7d358', time: '2018-11-14T08:17:03'
System info: host: 'DESKTOP-1OVQHJC', ip: '192.168.1.4', os.name: 'Windows 10', os.arch: 'amd64', os.version: '10.0', java.version: '1.8.0_281'
Driver info: driver.version: ChromeDriver
remote stacktrace: Backtrace:
Ordinal0 [0x0003E7D3+124883]
Ordinal0 [0x0003E7B1+124849]
GetHandleVerifier [0x00288688+193832]
GetHandleVerifier [0x002A3AC5+305509]
GetHandleVerifier [0x002A021B+291003]
GetHandleVerifier [0x0029E0AC+282444]
GetHandleVerifier [0x002C4A90+440624]
GetHandleVerifier [0x002C47FC+439964]
GetHandleVerifier [0x002C154B+426987]
GetHandleVerifier [0x002A4FFD+310941]
GetHandleVerifier [0x002A5D8E+314414]
GetHandleVerifier [0x002A5D19+314297]
GetHandleVerifier [0x003631EC+1089676]
GetHandleVerifier [0x003617C9+1082985]
GetHandleVerifier [0x003613A3+1081923]
GetHandleVerifier [0x0045D9FD+2115741]
Ordinal0 [0x0018B82E+1488942]
Ordinal0 [0x00125A7D+1071741]
Ordinal0 [0x0012559B+1070491]
Ordinal0 [0x001254B1+1070257]
Ordinal0 [0x0015FF53+1310547]
BaseThreadInitThunk [0x7546FA29+25]
RtlGetAppContainerNamedObjectPath [0x76EC7A7E+286]
RtlGetAppContainerNamedObjectPath [0x76EC7A4E+238]
(No symbol) [0x00000000]
]]>
            </message>
            <full-stacktrace>
              <![CDATA[org.openqa.selenium.SessionNotCreatedException: session not created: This version of ChromeDriver only supports Chrome version 89
Current browser version is 91.0.4472.77 with binary path C:\Program Files\Google\Chrome\Application\chrome.exe
Build info: version: '3.141.59', revision: 'e82be7d358', time: '2018-11-14T08:17:03'
System info: host: 'DESKTOP-1OVQHJC', ip: '192.168.1.4', os.name: 'Windows 10', os.arch: 'amd64', os.version: '10.0', java.version: '1.8.0_281'
Driver info: driver.version: ChromeDriver
remote stacktrace: Backtrace:
Ordinal0 [0x0003E7D3+124883]
Ordinal0 [0x0003E7B1+124849]
GetHandleVerifier [0x00288688+193832]
GetHandleVerifier [0x002A3AC5+305509]
GetHandleVerifier [0x002A021B+291003]
GetHandleVerifier [0x0029E0AC+282444]
GetHandleVerifier [0x002C4A90+440624]
GetHandleVerifier [0x002C47FC+439964]
GetHandleVerifier [0x002C154B+426987]
GetHandleVerifier [0x002A4FFD+310941]
GetHandleVerifier [0x002A5D8E+314414]
GetHandleVerifier [0x002A5D19+314297]
GetHandleVerifier [0x003631EC+1089676]
GetHandleVerifier [0x003617C9+1082985]
GetHandleVerifier [0x003613A3+1081923]
GetHandleVerifier [0x0045D9FD+2115741]
Ordinal0 [0x0018B82E+1488942]
Ordinal0 [0x00125A7D+1071741]
Ordinal0 [0x0012559B+1070491]
Ordinal0 [0x001254B1+1070257]
Ordinal0 [0x0015FF53+1310547]
BaseThreadInitThunk [0x7546FA29+25]
RtlGetAppContainerNamedObjectPath [0x76EC7A7E+286]
RtlGetAppContainerNamedObjectPath [0x76EC7A4E+238]
(No symbol) [0x00000000]

at sun.reflect.NativeConstructorAccessorImpl.newInstance0(Native Method)
at sun.reflect.NativeConstructorAccessorImpl.newInstance(NativeConstructorAccessorImpl.java:62)
at sun.reflect.DelegatingConstructorAccessorImpl.newInstance(DelegatingConstructorAccessorImpl.java:45)
at java.lang.reflect.Constructor.newInstance(Constructor.java:423)
at org.openqa.selenium.remote.W3CHandshakeResponse.lambda$errorHandler$0(W3CHandshakeResponse.java:62)
at org.openqa.selenium.remote.HandshakeResponse.lambda$getResponseFunction$0(HandshakeResponse.java:30)
at org.openqa.selenium.remote.ProtocolHandshake.lambda$createSession$0(ProtocolHandshake.java:126)
at java.util.stream.ReferencePipeline$3$1.accept(ReferencePipeline.java:193)
at java.util.Spliterators$ArraySpliterator.tryAdvance(Spliterators.java:958)
at java.util.stream.ReferencePipeline.forEachWithCancel(ReferencePipeline.java:126)
at java.util.stream.AbstractPipeline.copyIntoWithCancel(AbstractPipeline.java:499)
at java.util.stream.AbstractPipeline.copyInto(AbstractPipeline.java:486)
at java.util.stream.AbstractPipeline.wrapAndCopyInto(AbstractPipeline.java:472)
at java.util.stream.FindOps$FindOp.evaluateSequential(FindOps.java:152)
at java.util.stream.AbstractPipeline.evaluate(AbstractPipeline.java:234)
at java.util.stream.ReferencePipeline.findFirst(ReferencePipeline.java:464)
at org.openqa.selenium.remote.ProtocolHandshake.createSession(ProtocolHandshake.java:128)
at org.openqa.selenium.remote.ProtocolHandshake.createSession(ProtocolHandshake.java:74)
at org.openqa.selenium.remote.HttpCommandExecutor.execute(HttpCommandExecutor.java:136)
at org.openqa.selenium.remote.service.DriverCommandExecutor.execute(DriverCommandExecutor.java:83)
at org.openqa.selenium.remote.RemoteWebDriver.execute(RemoteWebDriver.java:552)
at org.openqa.selenium.remote.RemoteWebDriver.startSession(RemoteWebDriver.java:213)
at org.openqa.selenium.remote.RemoteWebDriver.<init>(RemoteWebDriver.java:131)
at org.openqa.selenium.chrome.ChromeDriver.<init>(ChromeDriver.java:181)
at org.openqa.selenium.chrome.ChromeDriver.<init>(ChromeDriver.java:168)
at org.openqa.selenium.chrome.ChromeDriver.<init>(ChromeDriver.java:123)
at com.Pizzahut.testCases.BaseClass.setup(BaseClass.java:63)
at sun.reflect.NativeMethodAccessorImpl.invoke0(Native Method)
at sun.reflect.NativeMethodAccessorImpl.invoke(NativeMethodAccessorImpl.java:62)
at sun.reflect.DelegatingMethodAccessorImpl.invoke(DelegatingMethodAccessorImpl.java:43)
at java.lang.reflect.Method.invoke(Method.java:498)
at org.testng.internal.MethodInvocationHelper.invokeMethod(MethodInvocationHelper.java:124)
at org.testng.internal.MethodInvocationHelper.invokeMethodConsideringTimeout(MethodInvocationHelper.java:59)
at org.testng.internal.Invoker.invokeConfigurationMethod(Invoker.java:458)
at org.testng.internal.Invoker.invokeConfigurations(Invoker.java:222)
at org.testng.internal.Invoker.invokeConfigurations(Invoker.java:142)
at org.testng.internal.TestMethodWorker.invokeBeforeClassMethods(TestMethodWorker.java:168)
at org.testng.internal.TestMethodWorker.run(TestMethodWorker.java:105)
at org.testng.TestRunner.privateRun(TestRunner.java:648)
at org.testng.TestRunner.run(TestRunner.java:505)
at org.testng.SuiteRunner.runTest(SuiteRunner.java:455)
at org.testng.SuiteRunner.runSequentially(SuiteRunner.java:450)
at org.testng.SuiteRunner.privateRun(SuiteRunner.java:415)
at org.testng.SuiteRunner.run(SuiteRunner.java:364)
at org.testng.SuiteRunnerWorker.runSuite(SuiteRunnerWorker.java:52)
at org.testng.SuiteRunnerWorker.run(SuiteRunnerWorker.java:84)
at org.testng.TestNG.runSuitesSequentially(TestNG.java:1208)
at org.testng.TestNG.runSuitesLocally(TestNG.java:1137)
at org.testng.TestNG.runSuites(TestNG.java:1049)
at org.testng.TestNG.run(TestNG.java:1017)
at org.testng.remote.AbstractRemoteTestNG.run(AbstractRemoteTestNG.java:115)
at org.testng.remote.RemoteTestNG.initAndRun(RemoteTestNG.java:251)
at org.testng.remote.RemoteTestNG.main(RemoteTestNG.java:77)
]]>
            </full-stacktrace>
          </exception> <!-- org.openqa.selenium.SessionNotCreatedException -->
          <reporter-output>
          </reporter-output>
        </test-method> <!-- setup -->
        <test-method status="SKIP" signature="loginTest()[pri:0, instance:com.Pizzahut.testCases.TC_LoginTest_001@77cd7a0]" name="loginTest" duration-ms="0" started-at="2021-06-10T02:01:45Z" finished-at="2021-06-10T02:01:45Z">
          <exception class="org.openqa.selenium.SessionNotCreatedException">
            <message>
              <![CDATA[session not created: This version of ChromeDriver only supports Chrome version 89
Current browser version is 91.0.4472.77 with binary path C:\Program Files\Google\Chrome\Application\chrome.exe
Build info: version: '3.141.59', revision: 'e82be7d358', time: '2018-11-14T08:17:03'
System info: host: 'DESKTOP-1OVQHJC', ip: '192.168.1.4', os.name: 'Windows 10', os.arch: 'amd64', os.version: '10.0', java.version: '1.8.0_281'
Driver info: driver.version: ChromeDriver
remote stacktrace: Backtrace:
Ordinal0 [0x0003E7D3+124883]
Ordinal0 [0x0003E7B1+124849]
GetHandleVerifier [0x00288688+193832]
GetHandleVerifier [0x002A3AC5+305509]
GetHandleVerifier [0x002A021B+291003]
GetHandleVerifier [0x0029E0AC+282444]
GetHandleVerifier [0x002C4A90+440624]
GetHandleVerifier [0x002C47FC+439964]
GetHandleVerifier [0x002C154B+426987]
GetHandleVerifier [0x002A4FFD+310941]
GetHandleVerifier [0x002A5D8E+314414]
GetHandleVerifier [0x002A5D19+314297]
GetHandleVerifier [0x003631EC+1089676]
GetHandleVerifier [0x003617C9+1082985]
GetHandleVerifier [0x003613A3+1081923]
GetHandleVerifier [0x0045D9FD+2115741]
Ordinal0 [0x0018B82E+1488942]
Ordinal0 [0x00125A7D+1071741]
Ordinal0 [0x0012559B+1070491]
Ordinal0 [0x001254B1+1070257]
Ordinal0 [0x0015FF53+1310547]
BaseThreadInitThunk [0x7546FA29+25]
RtlGetAppContainerNamedObjectPath [0x76EC7A7E+286]
RtlGetAppContainerNamedObjectPath [0x76EC7A4E+238]
(No symbol) [0x00000000]
]]>
            </message>
            <full-stacktrace>
              <![CDATA[org.openqa.selenium.SessionNotCreatedException: session not created: This version of ChromeDriver only supports Chrome version 89
Current browser version is 91.0.4472.77 with binary path C:\Program Files\Google\Chrome\Application\chrome.exe
Build info: version: '3.141.59', revision: 'e82be7d358', time: '2018-11-14T08:17:03'
System info: host: 'DESKTOP-1OVQHJC', ip: '192.168.1.4', os.name: 'Windows 10', os.arch: 'amd64', os.version: '10.0', java.version: '1.8.0_281'
Driver info: driver.version: ChromeDriver
remote stacktrace: Backtrace:
Ordinal0 [0x0003E7D3+124883]
Ordinal0 [0x0003E7B1+124849]
GetHandleVerifier [0x00288688+193832]
GetHandleVerifier [0x002A3AC5+305509]
GetHandleVerifier [0x002A021B+291003]
GetHandleVerifier [0x0029E0AC+282444]
GetHandleVerifier [0x002C4A90+440624]
GetHandleVerifier [0x002C47FC+439964]
GetHandleVerifier [0x002C154B+426987]
GetHandleVerifier [0x002A4FFD+310941]
GetHandleVerifier [0x002A5D8E+314414]
GetHandleVerifier [0x002A5D19+314297]
GetHandleVerifier [0x003631EC+1089676]
GetHandleVerifier [0x003617C9+1082985]
GetHandleVerifier [0x003613A3+1081923]
GetHandleVerifier [0x0045D9FD+2115741]
Ordinal0 [0x0018B82E+1488942]
Ordinal0 [0x00125A7D+1071741]
Ordinal0 [0x0012559B+1070491]
Ordinal0 [0x001254B1+1070257]
Ordinal0 [0x0015FF53+1310547]
BaseThreadInitThunk [0x7546FA29+25]
RtlGetAppContainerNamedObjectPath [0x76EC7A7E+286]
RtlGetAppContainerNamedObjectPath [0x76EC7A4E+238]
(No symbol) [0x00000000]

at sun.reflect.NativeConstructorAccessorImpl.newInstance0(Native Method)
at sun.reflect.NativeConstructorAccessorImpl.newInstance(NativeConstructorAccessorImpl.java:62)
at sun.reflect.DelegatingConstructorAccessorImpl.newInstance(DelegatingConstructorAccessorImpl.java:45)
at java.lang.reflect.Constructor.newInstance(Constructor.java:423)
at org.openqa.selenium.remote.W3CHandshakeResponse.lambda$errorHandler$0(W3CHandshakeResponse.java:62)
at org.openqa.selenium.remote.HandshakeResponse.lambda$getResponseFunction$0(HandshakeResponse.java:30)
at org.openqa.selenium.remote.ProtocolHandshake.lambda$createSession$0(ProtocolHandshake.java:126)
at java.util.stream.ReferencePipeline$3$1.accept(ReferencePipeline.java:193)
at java.util.Spliterators$ArraySpliterator.tryAdvance(Spliterators.java:958)
at java.util.stream.ReferencePipeline.forEachWithCancel(ReferencePipeline.java:126)
at java.util.stream.AbstractPipeline.copyIntoWithCancel(AbstractPipeline.java:499)
at java.util.stream.AbstractPipeline.copyInto(AbstractPipeline.java:486)
at java.util.stream.AbstractPipeline.wrapAndCopyInto(AbstractPipeline.java:472)
at java.util.stream.FindOps$FindOp.evaluateSequential(FindOps.java:152)
at java.util.stream.AbstractPipeline.evaluate(AbstractPipeline.java:234)
at java.util.stream.ReferencePipeline.findFirst(ReferencePipeline.java:464)
at org.openqa.selenium.remote.ProtocolHandshake.createSession(ProtocolHandshake.java:128)
at org.openqa.selenium.remote.ProtocolHandshake.createSession(ProtocolHandshake.java:74)
at org.openqa.selenium.remote.HttpCommandExecutor.execute(HttpCommandExecutor.java:136)
at org.openqa.selenium.remote.service.DriverCommandExecutor.execute(DriverCommandExecutor.java:83)
at org.openqa.selenium.remote.RemoteWebDriver.execute(RemoteWebDriver.java:552)
at org.openqa.selenium.remote.RemoteWebDriver.startSession(RemoteWebDriver.java:213)
at org.openqa.selenium.remote.RemoteWebDriver.<init>(RemoteWebDriver.java:131)
at org.openqa.selenium.chrome.ChromeDriver.<init>(ChromeDriver.java:181)
at org.openqa.selenium.chrome.ChromeDriver.<init>(ChromeDriver.java:168)
at org.openqa.selenium.chrome.ChromeDriver.<init>(ChromeDriver.java:123)
at com.Pizzahut.testCases.BaseClass.setup(BaseClass.java:63)
at sun.reflect.NativeMethodAccessorImpl.invoke0(Native Method)
at sun.reflect.NativeMethodAccessorImpl.invoke(NativeMethodAccessorImpl.java:62)
at sun.reflect.DelegatingMethodAccessorImpl.invoke(DelegatingMethodAccessorImpl.java:43)
at java.lang.reflect.Method.invoke(Method.java:498)
at org.testng.internal.MethodInvocationHelper.invokeMethod(MethodInvocationHelper.java:124)
at org.testng.internal.MethodInvocationHelper.invokeMethodConsideringTimeout(MethodInvocationHelper.java:59)
at org.testng.internal.Invoker.invokeConfigurationMethod(Invoker.java:458)
at org.testng.internal.Invoker.invokeConfigurations(Invoker.java:222)
at org.testng.internal.Invoker.invokeConfigurations(Invoker.java:142)
at org.testng.internal.TestMethodWorker.invokeBeforeClassMethods(TestMethodWorker.java:168)
at org.testng.internal.TestMethodWorker.run(TestMethodWorker.java:105)
at org.testng.TestRunner.privateRun(TestRunner.java:648)
at org.testng.TestRunner.run(TestRunner.java:505)
at org.testng.SuiteRunner.runTest(SuiteRunner.java:455)
at org.testng.SuiteRunner.runSequentially(SuiteRunner.java:450)
at org.testng.SuiteRunner.privateRun(SuiteRunner.java:415)
at org.testng.SuiteRunner.run(SuiteRunner.java:364)
at org.testng.SuiteRunnerWorker.runSuite(SuiteRunnerWorker.java:52)
at org.testng.SuiteRunnerWorker.run(SuiteRunnerWorker.java:84)
at org.testng.TestNG.runSuitesSequentially(TestNG.java:1208)
at org.testng.TestNG.runSuitesLocally(TestNG.java:1137)
at org.testng.TestNG.runSuites(TestNG.java:1049)
at org.testng.TestNG.run(TestNG.java:1017)
at org.testng.remote.AbstractRemoteTestNG.run(AbstractRemoteTestNG.java:115)
at org.testng.remote.RemoteTestNG.initAndRun(RemoteTestNG.java:251)
at org.testng.remote.RemoteTestNG.main(RemoteTestNG.java:77)
]]>
            </full-stacktrace>
          </exception> <!-- org.openqa.selenium.SessionNotCreatedException -->
          <reporter-output>
          </reporter-output>
        </test-method> <!-- loginTest -->
        <test-method status="SKIP" signature="terminate()[pri:0, instance:com.Pizzahut.testCases.TC_LoginTest_001@77cd7a0]" name="terminate" is-config="true" duration-ms="0" started-at="2021-06-10T02:01:45Z" finished-at="2021-06-10T02:01:45Z">
          <reporter-output>
          </reporter-output>
        </test-method> <!-- terminate -->
      </class> <!-- com.Pizzahut.testCases.TC_LoginTest_001 -->
    </test> <!-- PizzaApp test -->
  </suite> <!-- PizzaHut_web -->
</testng-results>
